<?xml version="1.0" encoding="UTF-8"?>
<!-- Generated by org.testng.reporters.JUnitXMLReporter -->
<testsuite ignored="0" hostname="DESKTOP-EP61TCJ" failures="1" tests="3" name="Test" time="0.192" errors="0" timestamp="2025-04-26T20:58:03 IST">
  <testcase classname="Testcases.Baseclass" name="@BeforeClass setup" time="-1.745681283348E9">
    <failure type="org.testng.TestNGException" message="
Parameter &amp;apos;Os&amp;apos; is required by BeforeClass on method setup but has not been marked @Optional or defined
in C:\Users\Admin\Desktop\pinnacle data22-04-25\eclipse-workspace\seleniumwebdriver\.settings\testngframework\testng.xml">
      <![CDATA[org.testng.TestNGException: 
Parameter 'Os' is required by BeforeClass on method setup but has not been marked @Optional or defined
in C:\Users\Admin\Desktop\pinnacle data22-04-25\eclipse-workspace\seleniumwebdriver\.settings\testngframework\testng.xml
at java.base/java.util.ArrayList.forEach(ArrayList.java:1596)
... Removed 22 stack frames]]>
    </failure>
  </testcase> <!-- @BeforeClass setup -->
  <testcase classname="Testcases.Baseclass" name="@AfterClass teardown" time="0.0">
    <skipped/>
  </testcase> <!-- @AfterClass teardown -->
  <testcase classname="Testcases.Baseclass" name="@BeforeClass setup" time="-1.745681283442E9">
    <failure type="org.testng.TestNGException" message="
Parameter &amp;apos;Os&amp;apos; is required by BeforeClass on method setup but has not been marked @Optional or defined
in C:\Users\Admin\Desktop\pinnacle data22-04-25\eclipse-workspace\seleniumwebdriver\.settings\testngframework\testng.xml">
      <![CDATA[org.testng.TestNGException: 
Parameter 'Os' is required by BeforeClass on method setup but has not been marked @Optional or defined
in C:\Users\Admin\Desktop\pinnacle data22-04-25\eclipse-workspace\seleniumwebdriver\.settings\testngframework\testng.xml
at java.base/java.util.ArrayList.forEach(ArrayList.java:1596)
... Removed 22 stack frames]]>
    </failure>
  </testcase> <!-- @BeforeClass setup -->
  <testcase classname="Testcases.Baseclass" name="@AfterClass teardown" time="0.0">
    <skipped/>
  </testcase> <!-- @AfterClass teardown -->
  <testcase classname="Testcases.Baseclass" name="@BeforeClass setup" time="-1.745681283464E9">
    <failure type="org.testng.TestNGException" message="
Parameter &amp;apos;Os&amp;apos; is required by BeforeClass on method setup but has not been marked @Optional or defined
in C:\Users\Admin\Desktop\pinnacle data22-04-25\eclipse-workspace\seleniumwebdriver\.settings\testngframework\testng.xml">
      <![CDATA[org.testng.TestNGException: 
Parameter 'Os' is required by BeforeClass on method setup but has not been marked @Optional or defined
in C:\Users\Admin\Desktop\pinnacle data22-04-25\eclipse-workspace\seleniumwebdriver\.settings\testngframework\testng.xml
at java.base/java.util.ArrayList.forEach(ArrayList.java:1596)
... Removed 22 stack frames]]>
    </failure>
  </testcase> <!-- @BeforeClass setup -->
  <testcase classname="Testcases.Baseclass" name="@AfterClass teardown" time="0.0">
    <skipped/>
  </testcase> <!-- @AfterClass teardown -->
  <testcase classname="Testcases.TC001_AccountregistrationTest" name="verify_account_registration" time="0.0">
    <skipped/>
  </testcase> <!-- verify_account_registration -->
  <testcase classname="Testcases.TC003_Logindata" name="verify_logindata" time="0.0">
    <failure type="org.testng.TestNGException" message="
Method public void Testcases.TC003_Logindata.verify_logindata(java.lang.String,java.lang.String,java.lang.String) requires a @DataProvider named : logindata in class org.testng.annotations.DataProvider">
      <![CDATA[org.testng.TestNGException: 
at java.base/java.util.ArrayList.forEach(ArrayList.java:1596)
... Removed 25 stack frames]]>
    </failure>
  </testcase> <!-- verify_logindata -->
  <testcase classname="Testcases.TC002_Logintest" name="verifylogin" time="0.0">
    <skipped/>
  </testcase> <!-- verifylogin -->
</testsuite> <!-- Test -->
